[1201/173319.088:ERROR:directory_reader_win.cc(43)] FindFirstFile: 系统找不到指定的路径。 (0x3)
[1202/160514.990:ERROR:directory_reader_win.cc(43)] FindFirstFile: 系统找不到指定的路径。 (0x3)
[1203/141015.095:ERROR:directory_reader_win.cc(43)] FindFirstFile: 系统找不到指定的路径。 (0x3)
[1204/101841.771:ERROR:directory_reader_win.cc(43)] FindFirstFile: 系统找不到指定的路径。 (0x3)
[1207/093919.401:ERROR:directory_reader_win.cc(43)] FindFirstFile: 系统找不到指定的路径。 (0x3)
[1207/200143.593:ERROR:directory_reader_win.cc(43)] FindFirstFile: 系统找不到指定的路径。 (0x3)
[1208/094153.428:ERROR:directory_reader_win.cc(43)] FindFirstFile: 系统找不到指定的路径。 (0x3)
[1209/100217.052:ERROR:directory_reader_win.cc(43)] FindFirstFile: 系统找不到指定的路径。 (0x3)
[1211/161302.936:ERROR:directory_reader_win.cc(43)] FindFirstFile: 系统找不到指定的路径。 (0x3)
[1211/173112.848:ERROR:process_info.cc(626)] range at 0xe33ad58000, size 0x354 partially unreadable
[1211/173112.850:ERROR:process_info.cc(626)] range at 0xe33b5dd000, size 0x23000 partially unreadable
[1211/173112.850:ERROR:process_info.cc(626)] range at 0xe33ad59000, size 0x1788 partially unreadable
[1211/173112.850:ERROR:process_info.cc(626)] range at 0xe33bdfe000, size 0x2000 partially unreadable
[1211/173112.850:ERROR:process_info.cc(626)] range at 0xe33ad5b000, size 0x1788 partially unreadable
[1211/173112.850:ERROR:process_info.cc(626)] range at 0xe33cdfe000, size 0x2000 partially unreadable
[1211/173112.850:ERROR:process_info.cc(626)] range at 0xe33ad5f000, size 0x1788 partially unreadable
[1211/173112.850:ERROR:process_info.cc(626)] range at 0xe33d5fd000, size 0x3000 partially unreadable
[1211/173112.850:ERROR:process_info.cc(626)] range at 0xe33ad61000, size 0x1788 partially unreadable
[1211/173112.851:ERROR:process_info.cc(626)] range at 0xe33e5ff000, size 0x1000 partially unreadable
[1211/173112.851:ERROR:process_info.cc(626)] range at 0xe33ad65000, size 0x1788 partially unreadable
[1211/173112.851:ERROR:process_info.cc(626)] range at 0xe33edfe000, size 0x2000 partially unreadable
[1211/173112.851:ERROR:process_info.cc(626)] range at 0xe33ad67000, size 0x1788 partially unreadable
[1211/173112.851:ERROR:process_info.cc(626)] range at 0xe33f5fc000, size 0x4000 partially unreadable
[1211/173112.851:ERROR:process_info.cc(626)] range at 0xe33ad69000, size 0x1788 partially unreadable
[1211/173112.851:ERROR:process_info.cc(626)] range at 0xe3405fe000, size 0x2000 partially unreadable
[1211/173112.851:ERROR:process_info.cc(626)] range at 0xe33ad6d000, size 0x1788 partially unreadable
[1211/173112.851:ERROR:process_info.cc(626)] range at 0xe340dfc000, size 0x4000 partially unreadable
[1211/173112.851:ERROR:process_info.cc(626)] range at 0xe33ad6f000, size 0x1788 partially unreadable
[1211/173112.851:ERROR:process_info.cc(626)] range at 0xe3415fc000, size 0x4000 partially unreadable
[1211/173112.851:ERROR:process_info.cc(626)] range at 0xe33ad71000, size 0x1788 partially unreadable
[1211/173112.851:ERROR:process_info.cc(626)] range at 0xe341dfc000, size 0x4000 partially unreadable
[1211/173112.851:ERROR:process_info.cc(626)] range at 0xe33ad73000, size 0x1788 partially unreadable
[1211/173112.851:ERROR:process_info.cc(626)] range at 0xe3425fc000, size 0x4000 partially unreadable
[1211/173112.851:ERROR:process_info.cc(626)] range at 0xe33ad75000, size 0x1788 partially unreadable
[1211/173112.851:ERROR:process_info.cc(626)] range at 0xe342dfe000, size 0x2000 partially unreadable
[1211/173112.851:ERROR:process_info.cc(626)] range at 0xe33ad77000, size 0x1788 partially unreadable
[1211/173112.851:ERROR:process_info.cc(626)] range at 0xe33c5fe000, size 0x2000 partially unreadable
[1211/173112.851:ERROR:process_info.cc(626)] range at 0xe33ad8b000, size 0x1788 partially unreadable
[1211/173112.851:ERROR:process_info.cc(626)] range at 0xe33fdfc000, size 0x4000 partially unreadable
[1211/173112.851:ERROR:process_info.cc(626)] range at 0xe33ad26000, size 0x1788 partially unreadable
[1211/173112.851:ERROR:process_info.cc(626)] range at 0xe3435fc000, size 0x4000 partially unreadable
[1211/173112.851:ERROR:process_info.cc(626)] range at 0xe33ad36000, size 0x1788 partially unreadable
[1211/173112.851:ERROR:process_info.cc(626)] range at 0xe343dfd000, size 0x3000 partially unreadable
[1211/173112.851:ERROR:process_info.cc(626)] range at 0xe33ad38000, size 0x1788 partially unreadable
[1211/173112.851:ERROR:process_info.cc(626)] range at 0xe344dfd000, size 0x3000 partially unreadable
[1211/173112.851:ERROR:process_info.cc(626)] range at 0xe33ad3a000, size 0x1788 partially unreadable
[1211/173112.851:ERROR:process_info.cc(626)] range at 0xe3455fd000, size 0x3000 partially unreadable
[1211/173112.851:ERROR:process_info.cc(626)] range at 0xe33ad40000, size 0x1788 partially unreadable
[1211/173112.851:ERROR:process_info.cc(626)] range at 0xe3465fc000, size 0x4000 partially unreadable
[1211/173112.851:ERROR:process_info.cc(626)] range at 0xe33ad42000, size 0x1788 partially unreadable
[1211/173112.851:ERROR:process_info.cc(626)] range at 0xe3475fd000, size 0x3000 partially unreadable
[1211/173112.851:ERROR:process_info.cc(626)] range at 0xe33ad44000, size 0x1788 partially unreadable
[1211/173112.851:ERROR:process_info.cc(626)] range at 0xe347dfc000, size 0x4000 partially unreadable
[1211/173112.851:ERROR:process_info.cc(626)] range at 0xe33ad48000, size 0x1788 partially unreadable
[1211/173112.852:ERROR:process_info.cc(626)] range at 0xe348dfd000, size 0x3000 partially unreadable
[1211/173112.852:ERROR:process_info.cc(626)] range at 0xe33ad4c000, size 0x1788 partially unreadable
[1211/173112.852:ERROR:process_info.cc(626)] range at 0xe3495fd000, size 0x3000 partially unreadable
[1211/173112.852:ERROR:process_info.cc(626)] range at 0xe33ad4e000, size 0x1788 partially unreadable
[1211/173112.852:ERROR:process_info.cc(626)] range at 0xe34adfd000, size 0x3000 partially unreadable
[1211/173112.852:ERROR:process_info.cc(626)] range at 0xe33ad54000, size 0x1788 partially unreadable
[1211/173112.852:ERROR:process_info.cc(626)] range at 0xe34b5fd000, size 0x3000 partially unreadable
[1211/173112.852:ERROR:process_info.cc(626)] range at 0xe33ad56000, size 0x1788 partially unreadable
[1211/173112.881:ERROR:minidump_writable.cc(181)] size 1099536809984 out of range
[1211/173112.881:ERROR:crash_report_exception_handler.cc(113)] WriteEverything failed
[1211/173112.882:ERROR:filesystem_win.cc(148)] DeleteFile C:\Users\UNE\AppData\Local\Google\Chrome\User Data\Crashpad\reports\c1677b7d-1805-4bdf-ab2f-cc7194297ec7.dmp: 另一个程序正在使用此文件，进程无法访问。 (0x20)
[1211/175003.744:ERROR:directory_reader_win.cc(43)] FindFirstFile: 系统找不到指定的路径。 (0x3)
[1212/201854.081:ERROR:directory_reader_win.cc(43)] FindFirstFile: 系统找不到指定的路径。 (0x3)
[1215/112542.794:ERROR:filesystem_win.cc(129)] GetFileAttributes C:\Users\UNE\AppData\Local\Google\Chrome\User Data\Crashpad\attachments\c1677b7d-1805-4bdf-ab2f-cc7194297ec7: 系统找不到指定的路径。 (0x3)
[1215/112542.800:ERROR:directory_reader_win.cc(43)] FindFirstFile: 系统找不到指定的路径。 (0x3)
[1215/115144.798:ERROR:directory_reader_win.cc(43)] FindFirstFile: 系统找不到指定的路径。 (0x3)
[1215/192642.203:ERROR:directory_reader_win.cc(43)] FindFirstFile: 系统找不到指定的路径。 (0x3)
[1217/112524.560:ERROR:crash_report_database_win.cc(455)] unexpected header
[1217/113524.563:ERROR:crash_report_database_win.cc(455)] unexpected header
[1217/113524.564:ERROR:directory_reader_win.cc(43)] FindFirstFile: 系统找不到指定的路径。 (0x3)
[1217/113524.565:ERROR:crash_report_database_win.cc(455)] unexpected header
[1217/113524.565:ERROR:crash_report_database_win.cc(455)] unexpected header
[1217/142939.866:ERROR:crash_report_database_win.cc(455)] unexpected header
[1217/162155.339:ERROR:crash_report_database_win.cc(455)] unexpected header
[1217/185623.868:ERROR:crash_report_database_win.cc(455)] unexpected header
[1218/110720.298:ERROR:crash_report_database_win.cc(455)] unexpected header
[1218/145650.728:ERROR:crash_report_database_win.cc(455)] unexpected header
[1218/191406.262:ERROR:crash_report_database_win.cc(455)] unexpected header
[1219/110814.264:ERROR:crash_report_database_win.cc(455)] unexpected header
[1219/170917.917:ERROR:crash_report_database_win.cc(455)] unexpected header
[1221/105208.307:ERROR:crash_report_database_win.cc(455)] unexpected header
[1228/131238.724:ERROR:crash_report_database_win.cc(455)] unexpected header
[1228/200224.291:ERROR:crash_report_database_win.cc(455)] unexpected header
[1228/201224.291:ERROR:crash_report_database_win.cc(455)] unexpected header
[1228/201224.291:ERROR:directory_reader_win.cc(43)] FindFirstFile: 系统找不到指定的路径。 (0x3)
[1228/201224.292:ERROR:crash_report_database_win.cc(455)] unexpected header
[1228/201224.292:ERROR:crash_report_database_win.cc(455)] unexpected header
[1228/201724.293:ERROR:crash_report_database_win.cc(455)] unexpected header
[1228/203224.293:ERROR:crash_report_database_win.cc(455)] unexpected header
[1228/204724.293:ERROR:crash_report_database_win.cc(455)] unexpected header
[1228/210224.294:ERROR:crash_report_database_win.cc(455)] unexpected header
[1228/211724.294:ERROR:crash_report_database_win.cc(455)] unexpected header
[1228/213224.295:ERROR:crash_report_database_win.cc(455)] unexpected header
[1228/214724.295:ERROR:crash_report_database_win.cc(455)] unexpected header
[1228/220224.295:ERROR:crash_report_database_win.cc(455)] unexpected header
[1228/221724.296:ERROR:crash_report_database_win.cc(455)] unexpected header
[1228/223224.296:ERROR:crash_report_database_win.cc(455)] unexpected header
[1228/224724.297:ERROR:crash_report_database_win.cc(455)] unexpected header
[1228/230224.297:ERROR:crash_report_database_win.cc(455)] unexpected header
[1228/231724.298:ERROR:crash_report_database_win.cc(455)] unexpected header
[1228/233224.298:ERROR:crash_report_database_win.cc(455)] unexpected header
[1228/234724.299:ERROR:crash_report_database_win.cc(455)] unexpected header
[1229/000224.299:ERROR:crash_report_database_win.cc(455)] unexpected header
[1229/001724.299:ERROR:crash_report_database_win.cc(455)] unexpected header
[1229/003224.299:ERROR:crash_report_database_win.cc(455)] unexpected header
[1229/004724.300:ERROR:crash_report_database_win.cc(455)] unexpected header
[1229/010224.301:ERROR:crash_report_database_win.cc(455)] unexpected header
[1229/011724.301:ERROR:crash_report_database_win.cc(455)] unexpected header
[1229/013224.301:ERROR:crash_report_database_win.cc(455)] unexpected header
[1229/014724.302:ERROR:crash_report_database_win.cc(455)] unexpected header
[1229/020224.302:ERROR:crash_report_database_win.cc(455)] unexpected header
[1229/021724.302:ERROR:crash_report_database_win.cc(455)] unexpected header
[1229/023224.303:ERROR:crash_report_database_win.cc(455)] unexpected header
[1229/024724.303:ERROR:crash_report_database_win.cc(455)] unexpected header
[1229/030224.303:ERROR:crash_report_database_win.cc(455)] unexpected header
[1229/031724.303:ERROR:crash_report_database_win.cc(455)] unexpected header
[1229/033224.303:ERROR:crash_report_database_win.cc(455)] unexpected header
[1229/034724.303:ERROR:crash_report_database_win.cc(455)] unexpected header
[1229/040224.304:ERROR:crash_report_database_win.cc(455)] unexpected header
[1229/041724.304:ERROR:crash_report_database_win.cc(455)] unexpected header
[1229/043224.304:ERROR:crash_report_database_win.cc(455)] unexpected header
[1229/044724.304:ERROR:crash_report_database_win.cc(455)] unexpected header
[1229/050224.304:ERROR:crash_report_database_win.cc(455)] unexpected header
[1229/051724.305:ERROR:crash_report_database_win.cc(455)] unexpected header
[1229/053224.305:ERROR:crash_report_database_win.cc(455)] unexpected header
[1229/054724.305:ERROR:crash_report_database_win.cc(455)] unexpected header
[1229/060224.306:ERROR:crash_report_database_win.cc(455)] unexpected header
[1229/061724.307:ERROR:crash_report_database_win.cc(455)] unexpected header
[1229/063224.307:ERROR:crash_report_database_win.cc(455)] unexpected header
[1229/064724.308:ERROR:crash_report_database_win.cc(455)] unexpected header
[1229/070224.308:ERROR:crash_report_database_win.cc(455)] unexpected header
[1229/071724.308:ERROR:crash_report_database_win.cc(455)] unexpected header
[1229/073224.308:ERROR:crash_report_database_win.cc(455)] unexpected header
[1229/074724.308:ERROR:crash_report_database_win.cc(455)] unexpected header
[1229/080224.309:ERROR:crash_report_database_win.cc(455)] unexpected header
[1229/081724.309:ERROR:crash_report_database_win.cc(455)] unexpected header
[1229/083224.309:ERROR:crash_report_database_win.cc(455)] unexpected header
[1229/084724.310:ERROR:crash_report_database_win.cc(455)] unexpected header
[1229/090224.310:ERROR:crash_report_database_win.cc(455)] unexpected header
[1229/091724.310:ERROR:crash_report_database_win.cc(455)] unexpected header
[1229/093224.310:ERROR:crash_report_database_win.cc(455)] unexpected header
[1229/094724.310:ERROR:crash_report_database_win.cc(455)] unexpected header
[1229/100224.311:ERROR:crash_report_database_win.cc(455)] unexpected header
[1229/101724.311:ERROR:crash_report_database_win.cc(455)] unexpected header
[1229/103224.311:ERROR:crash_report_database_win.cc(455)] unexpected header
[1229/104724.312:ERROR:crash_report_database_win.cc(455)] unexpected header
[1229/110224.312:ERROR:crash_report_database_win.cc(455)] unexpected header
[1229/111724.312:ERROR:crash_report_database_win.cc(455)] unexpected header
[1229/113224.312:ERROR:crash_report_database_win.cc(455)] unexpected header
[1229/114724.312:ERROR:crash_report_database_win.cc(455)] unexpected header
[1229/120222.935:ERROR:crash_report_database_win.cc(455)] unexpected header
[1229/121722.935:ERROR:crash_report_database_win.cc(455)] unexpected header
[1229/123222.936:ERROR:crash_report_database_win.cc(455)] unexpected header
[1229/124722.936:ERROR:crash_report_database_win.cc(455)] unexpected header
[1229/130222.936:ERROR:crash_report_database_win.cc(455)] unexpected header
[1229/131722.936:ERROR:crash_report_database_win.cc(455)] unexpected header
[1229/133222.936:ERROR:crash_report_database_win.cc(455)] unexpected header
[1229/134722.937:ERROR:crash_report_database_win.cc(455)] unexpected header
[1229/140222.937:ERROR:crash_report_database_win.cc(455)] unexpected header
[1229/141722.937:ERROR:crash_report_database_win.cc(455)] unexpected header
[1229/143222.937:ERROR:crash_report_database_win.cc(455)] unexpected header
[1229/144722.938:ERROR:crash_report_database_win.cc(455)] unexpected header
[1229/150222.938:ERROR:crash_report_database_win.cc(455)] unexpected header
[1229/151722.938:ERROR:crash_report_database_win.cc(455)] unexpected header
[1229/153222.939:ERROR:crash_report_database_win.cc(455)] unexpected header
[1229/154722.940:ERROR:crash_report_database_win.cc(455)] unexpected header
[1229/165148.736:ERROR:crash_report_database_win.cc(455)] unexpected header
[1230/142300.713:ERROR:crash_report_database_win.cc(455)] unexpected header
[1230/143300.713:ERROR:crash_report_database_win.cc(455)] unexpected header
[1230/143300.713:ERROR:directory_reader_win.cc(43)] FindFirstFile: 系统找不到指定的路径。 (0x3)
[1230/143300.714:ERROR:crash_report_database_win.cc(455)] unexpected header
[1230/143300.714:ERROR:crash_report_database_win.cc(455)] unexpected header
[1230/160606.607:ERROR:crash_report_database_win.cc(455)] unexpected header
[1231/151431.426:ERROR:crash_report_database_win.cc(455)] unexpected header
